Arguments: 
  /Users/joellobo/.nvm/versions/node/v10.16.3/bin/node /usr/local/Cellar/yarn/1.19.0/libexec/bin/yarn.js add react react-dom next

PATH: 
  /Users/joellobo/.sdkman/candidates/springboot/current/bin:/Users/joellobo/.sdkman/candidates/java/current/bin:/Users/joellobo/.nvm/versions/node/v10.16.3/bin:/usr/local/bin:/usr/bin:/bin:/usr/sbin:/sbin:/Users/joellobo/Dev/playground/apache-hadoop/hadoop-2.7.3/bin:/Library/Apple/usr/bin:/Library/Frameworks/Mono.framework/Versions/Current/Commands

Yarn version: 
  1.19.0

Node version: 
  10.16.3

Platform: 
  darwin x64

Trace: 
  Error: getaddrinfo ENOTFOUND nexus.aic.serpro nexus.aic.serpro:80
      at GetAddrInfoReqWrap.onlookup [as oncomplete] (dns.js:56:26)

npm manifest: 
  {
    "name": "football",
    "version": "1.0.0",
    "description": "",
    "main": "index.js",
    "scripts": {
      "test": "echo \"Error: no test specified\" && exit 1"
    },
    "keywords": [],
    "author": "",
    "license": "ISC"
  }

yarn manifest: 
  No manifest

Lockfile: 
  No lockfile
